2026-02-25T21:16:28.277Z [CONTROLLER] Início do registro para roomwalter2@gmail.com
2026-02-25T21:16:28.278Z [CONTROLLER] Parsing schema...
2026-02-25T21:16:28.279Z [CONTROLLER] Chamando authService.register...
2026-02-25T21:16:30.779Z [CONTROLLER] Sucesso! Enviando resposta 201.
2026-02-25T22:40:34.176Z [CONTROLLER] Início do registro para token-test@example.com
2026-02-25T22:40:34.177Z [CONTROLLER] Parsing schema...
2026-02-25T22:40:34.178Z [CONTROLLER] Chamando authService.register...
2026-02-25T22:40:36.321Z [CONTROLLER] Sucesso! Enviando resposta 201.
2026-02-25T22:43:49.578Z [CONTROLLER] Início do registro para kennerwarl@gmail.com
2026-02-25T22:43:49.579Z [CONTROLLER] Parsing schema...
2026-02-25T22:43:49.580Z [CONTROLLER] Chamando authService.register...
2026-02-25T22:43:57.739Z [CONTROLLER] Sucesso! Enviando resposta 201.
2026-02-25T22:50:38.413Z [CONTROLLER] Início do registro para kennerwarl@gmail.com
2026-02-25T22:50:38.414Z [CONTROLLER] Parsing schema...
2026-02-25T22:50:38.414Z [CONTROLLER] Chamando authService.register...
2026-02-25T22:50:38.469Z [CONTROLLER] ERRO: Este e-mail já está cadastrado
2026-02-25T22:51:44.013Z [CONTROLLER] Início do registro para americaproads@gmail.com
2026-02-25T22:51:44.013Z [CONTROLLER] Parsing schema...
2026-02-25T22:51:44.014Z [CONTROLLER] Chamando authService.register...
2026-02-25T22:51:46.142Z [CONTROLLER] Sucesso! Enviando resposta 201.
2026-02-25T22:53:56.780Z [CONTROLLER] Início do registro para warlkenner@gmail.com
2026-02-25T22:53:56.781Z [CONTROLLER] Parsing schema...
2026-02-25T22:53:56.782Z [CONTROLLER] Chamando authService.register...
2026-02-25T22:53:58.773Z [CONTROLLER] Sucesso! Enviando resposta 201.
2026-02-25T22:54:55.922Z [CONTROLLER] Início do registro para warlkenner@gmail.com
2026-02-25T22:54:55.923Z [CONTROLLER] Parsing schema...
2026-02-25T22:54:55.924Z [CONTROLLER] Chamando authService.register...
2026-02-25T22:54:56.095Z [CONTROLLER] ERRO: Este e-mail já está cadastrado
2026-02-25T22:55:36.325Z [CONTROLLER] Início do registro para ferreiraisac015@gmail.com
2026-02-25T22:55:36.326Z [CONTROLLER] Parsing schema...
2026-02-25T22:55:36.327Z [CONTROLLER] Chamando authService.register...
2026-02-25T22:55:38.231Z [CONTROLLER] Sucesso! Enviando resposta 201.
2026-02-25T22:59:58.905Z [CONTROLLER] Início do registro para americaproads@gmail.com
2026-02-25T22:59:58.906Z [CONTROLLER] Parsing schema...
2026-02-25T22:59:58.907Z [CONTROLLER] Chamando authService.register...
2026-02-25T22:59:58.962Z [CONTROLLER] ERRO: Este e-mail já está cadastrado
2026-02-25T23:00:03.775Z [CONTROLLER] Início do registro para ferreiraisac015@gmail.com
2026-02-25T23:00:03.776Z [CONTROLLER] Parsing schema...
2026-02-25T23:00:03.777Z [CONTROLLER] Chamando authService.register...
2026-02-25T23:00:05.655Z [CONTROLLER] Sucesso! Enviando resposta 201.
2026-02-25T23:05:04.818Z [CONTROLLER] Início do registro para americaproads@gmail.com
2026-02-25T23:05:04.819Z [CONTROLLER] Parsing schema...
2026-02-25T23:05:04.819Z [CONTROLLER] Chamando authService.register...
2026-02-25T23:05:06.727Z [CONTROLLER] Sucesso! Enviando resposta 201.
2026-02-27T01:20:45.147Z [CONTROLLER] Início do registro para roomwalter2@gmail.com
2026-02-27T01:20:45.148Z [CONTROLLER] Parsing schema...
2026-02-27T01:20:45.149Z [CONTROLLER] Chamando authService.register...
2026-02-27T01:20:47.284Z [CONTROLLER] Sucesso! Enviando resposta 201.
2026-02-27T14:45:01.107Z [CONTROLLER] Início do registro para roomwalter2@gmail.com
2026-02-27T14:45:01.108Z [CONTROLLER] Parsing schema...
2026-02-27T14:45:01.109Z [CONTROLLER] Chamando authService.register...
2026-02-27T14:45:01.271Z [CONTROLLER] ERRO: Este e-mail já está cadastrado
2026-02-28T01:10:10.365Z [CONTROLLER] Início do registro para ferreirasim11@gmail.com
2026-02-28T01:10:10.366Z [CONTROLLER] Parsing schema...
2026-02-28T01:10:10.367Z [CONTROLLER] Chamando authService.register...
2026-02-28T01:10:10.436Z [CONTROLLER] ERRO: duplicar valor da chave viola a restrição de unicidade "tenants_cnpj_unique"
2026-02-28T01:10:18.602Z [CONTROLLER] Início do registro para ferreirasim11@gmail.com
2026-02-28T01:10:18.603Z [CONTROLLER] Parsing schema...
2026-02-28T01:10:18.603Z [CONTROLLER] Chamando authService.register...
2026-02-28T01:10:20.981Z [CONTROLLER] Sucesso! Enviando resposta 201.
2026-02-28T01:31:55.808Z [CONTROLLER] Início do registro para americaproads@gmail.com
2026-02-28T01:31:55.808Z [CONTROLLER] Parsing schema...
2026-02-28T01:31:55.809Z [CONTROLLER] Chamando authService.register...
2026-02-28T01:31:55.813Z [CONTROLLER] ERRO: Este e-mail já está cadastrado
2026-02-28T01:32:05.367Z [CONTROLLER] Início do registro para ferreiraisac015@gmail.com
2026-02-28T01:32:05.368Z [CONTROLLER] Parsing schema...
2026-02-28T01:32:05.368Z [CONTROLLER] Chamando authService.register...
2026-02-28T01:32:07.174Z [CONTROLLER] Sucesso! Enviando resposta 201.
